1	8330	8330	8330
2	16686	8255	8292
3	21325	4539	7041
4	26064	4639	6440
5	30840	4676	6087
6	35672	4731	5368
7	40256	4483	4613
8	44877	4521	4610
9	49411	4434	4569
10	54056	4545	4542
11	58743	4587	4514
12	63287	4443	4506
13	68006	4618	4525
14	72679	4573	4553
15	77229	4450	4534
16	81878	4548	4526
17	86618	4640	4565
18	91241	4523	4546
19	95806	4465	4525
20	100362	4455	4526
21	105024	4562	4529
22	109852	4728	4546
23	114575	4622	4566
24	119349	4674	4608
25	123889	4440	4605
26	128397	4408	4574
27	131839	3341	4297
28	135302	3363	4045
29	138763	3361	3782
30	142166	3303	3555
31	145590	3324	3338
32	149012	3321	3334
33	152458	3346	3331
34	155883	3324	3323
35	159323	3340	3331
36	162739	3316	3329
37	166087	3247	3314
38	169459	3272	3299
39	172832	3273	3289
40	176206	3274	3276
41	179595	3288	3270
42	182977	3282	3277
43	186364	3287	3280
44	189744	3280	3282
45	193083	3238	3275
46	196436	3252	3267
47	198786	2250	3061
48	201393	2506	2905
49	203878	2385	2726
50	206700	2722	2623
51	209624	2823	2537
52	212368	2644	2616
53	214860	2391	2593
54	217398	2438	2603
55	219843	2345	2528
56	222204	2261	2415
57	224562	2257	2338
58	226957	2294	2319
59	229827	2770	2385
60	231693	1766	2269
61	233491	1698	2157
62	235331	1740	2053
63	237116	1685	1931
64	238935	1718	1721
65	240769	1733	1714
66	242580	1710	1717
67	244422	1741	1717
68	246237	1715	1723
69	248054	1716	1723
70	249857	1703	1717
71	251696	1739	1722
72	253507	1711	1716
73	255326	1719	1717
74	257186	1760	1726
75	258985	1698	1725
76	260805	1720	1721
77	262604	1699	1719
78	264383	1678	1711
79	266181	1697	1698
80	267957	1676	1694
81	269759	1702	1690
82	271543	1684	1687
83	273433	1790	1709
84	275229	1696	1709
85	277056	1727	1719
86	278845	1689	1717
87	280648	1702	1720
88	282461	1713	1705
89	284267	1706	1707
90	286044	1677	1697
91	287845	1700	1699
92	289656	1710	1701
93	291439	1682	1695
94	293217	1678	1689
95	295002	1685	1691
96	296654	1552	1661
97	298345	1591	1637
98	300104	1659	1633
99	301933	1729	1643
100	303620	1587	1623
101	305341	1621	1637
102	307012	1571	1633
103	308626	1513	1604
104	310255	1528	1564
105	311893	1538	1554
106	313562	1569	1543
107	315190	1527	1535
108	316914	1624	1557
109	318560	1546	1560
110	320244	1583	1569
111	321859	1514	1558
112	323492	1533	1560
113	325126	1534	1542
114	326765	1539	1540
115	328206	1340	1492
116	329579	1273	1443
117	330872	1193	1375
118	332151	1179	1304
119	333431	1180	1233
120	334704	1172	1199
121	335997	1193	1183
122	337283	1186	1182
123	338670	1287	1203
124	339935	1164	1200
125	341202	1167	1199
126	342464	1162	1193
127	343730	1165	1189
128	344993	1163	1164
129	346278	1184	1168
130	347629	1251	1185
131	348935	1205	1193
132	350199	1163	1193
133	351472	1172	1195
134	352745	1173	1192
135	354020	1175	1177
136	355297	1177	1172
137	356583	1186	1176
138	357850	1167	1175
139	359138	1187	1178
140	360411	1173	1178
141	361884	1373	1217
142	363334	1349	1249
143	365003	1568	1330
144	366606	1502	1393
145	368080	1374	1433
146	369486	1306	1419
147	370752	1165	1383
148	372024	1172	1303
149	373297	1172	1237
150	374564	1167	1196
151	375839	1175	1170
152	377102	1162	1169
153	378363	1161	1167
154	379630	1167	1166
155	381156	1426	1218
156	382437	1181	1219
157	383775	1238	1234
158	385049	1174	1237
159	386329	1180	1239
160	387593	1163	1187
161	388849	1156	1182
162	390418	1469	1228
163	391930	1412	1276
164	393202	1172	1274
165	394454	1152	1272
166	395755	1201	1281
167	397048	1193	1226
168	398294	1145	1172
169	399520	1126	1163
170	400748	1127	1158
171	401994	1146	1147
172	403230	1136	1136
173	404489	1159	1138
174	405725	1136	1140
175	406954	1129	1141
176	408186	1132	1138
177	409422	1136	1138
178	410667	1145	1135
179	412013	1246	1157
180	413249	1135	1158
181	414484	1134	1159
182	415721	1137	1159
183	416990	1169	1164
184	418231	1141	1143
185	419461	1129	1142
186	420694	1133	1141
187	421949	1155	1145
188	423204	1155	1142
189	424406	1101	1134
190	425516	1010	1110
191	426814	1198	1123
192	427879	965	1085
193	428929	950	1044
194	430284	1255	1075
195	431543	1159	1105
196	432762	1119	1089
197	433864	1002	1097
198	434927	963	1099
199	435969	942	1037
200	437028	958	996
201	438078	950	963
202	439116	938	950
203	440177	961	949
204	441256	978	957
205	442320	964	958
206	443382	962	960
207	444426	944	961
208	445469	943	958
209	446525	956	953
210	447575	950	951
211	448879	1204	999
212	449932	953	1001
213	450980	948	1002
214	452037	957	1002
215	453096	959	1004
216	454142	946	952
217	455199	957	953
218	456291	991	962
219	457644	1253	1021
220	458696	951	1019
221	459804	1008	1032
222	460806	901	1020
223	461803	897	1002
224	462796	893	930
225	463787	891	918
226	464787	900	896
227	465818	931	902
228	466812	893	901
229	467811	899	902
230	468807	896	903
231	469816	909	905
232	470796	880	895
233	471784	888	894
234	472805	920	898
235	473793	887	896
236	474820	926	900
237	475802	882	900
238	476790	888	900
239	477775	884	893
240	478761	886	893
241	479743	881	884
242	480726	883	884
243	481723	897	886
244	482709	886	886
245	483726	916	892
246	484729	903	897
247	485722	893	899
248	486725	902	900
249	487728	903	903
250	488724	896	899
251	489724	900	898
252	490716	892	898
253	491730	914	901
254	492727	897	899
255	493716	888	898
256	494699	883	894
257	495692	893	895
258	496669	877	887
259	497667	898	887
260	498668	901	890
261	499772	1004	914
262	500760	888	913
263	501812	952	928
264	502800	888	926
265	503787	887	923
266	504776	889	900
267	505770	894	902
268	506760	890	889
269	507741	881	888
270	508737	896	890
271	509734	897	891
272	510730	895	891
273	511834	1003	914
274	512826	892	916
275	513822	896	916
276	514814	892	915
277	515815	901	916
278	516809	894	895
279	517800	890	894
280	518804	904	896
281	519797	892	896
282	520779	882	892
283	521786	906	894
284	522785	899	896
285	523783	898	895
286	524780	897	896
287	525774	894	898
288	526778	904	898
289	527771	893	897
290	528830	958	909
291	529849	919	913
292	530978	1029	940
293	531967	889	937
294	532965	898	938
295	533959	894	925
296	534941	882	918
297	535922	881	888
298	536904	882	887
299	537889	884	884
300	538890	900	885
301	539887	897	888
302	540875	888	890
303	541874	899	893
304	542860	885	893
305	543848	888	891
306	544858	909	893
307	545921	962	908
308	546916	895	907
309	547905	889	908
310	548905	900	911
311	549899	893	907
312	550890	890	893
313	551892	902	894
314	552893	901	897
315	553887	894	896
316	554906	919	901
317	555900	894	902
318	556890	890	899
319	557888	898	899
320	559189	1201	960
321	560232	943	965
322	561281	949	976
323	562324	943	986
324	563360	936	994
325	564447	987	951
326	565661	1114	985
327	566713	952	986
328	567760	946	987
329	568824	964	992
330	569867	943	983
331	570910	943	949
332	571951	941	947
333	573083	1031	964
334	574130	947	961
335	575184	954	963
336	576240	956	965
337	577293	953	968
338	578344	951	952
339	579380	936	950
340	580483	1002	959
341	581593	1009	970
342	582720	1027	985
343	583854	1034	1001
344	584903	949	1004
345	585964	961	996
346	587007	943	982
347	588051	944	966
348	589095	944	948
349	590149	954	949
350	591505	1256	1008
351	592776	1171	1053
352	593993	1117	1088
353	595230	1137	1127
354	596455	1125	1161
355	597685	1130	1136
356	598933	1148	1131
357	600171	1138	1135
358	601428	1156	1139
359	602674	1146	1143
360	603927	1153	1148
361	605171	1144	1147
362	606404	1133	1146
363	607634	1130	1141
364	608878	1143	1140
365	610129	1151	1140
366	611354	1124	1136
367	612591	1137	1137
368	613834	1143	1139
369	615069	1134	1137
370	616310	1141	1135
371	617545	1134	1137
372	618776	1131	1136
373	620012	1135	1135
374	621241	1129	1134
375	622492	1151	1136
376	623880	1288	1166
377	625144	1164	1173
378	626412	1168	1180
379	627712	1200	1194
380	628963	1151	1194
381	630220	1157	1168
382	631474	1153	1165
383	632825	1251	1182
384	634098	1173	1177
385	635348	1150	1176
386	636612	1164	1178
387	637950	1238	1195
388	639207	1157	1176
389	640476	1169	1175
390	641736	1159	1177
391	643010	1173	1179
392	644254	1144	1160
393	645534	1180	1165
394	646783	1149	1161
395	648029	1146	1158
396	649282	1153	1154
397	650538	1156	1156
398	651782	1144	1149
399	653035	1153	1150
400	654286	1151	1151
401	655785	1399	1200
402	657380	1494	1268
403	658654	1173	1274
404	659914	1159	1275
405	661183	1169	1278
406	662458	1175	1234
407	663717	1158	1166
408	664991	1174	1167
409	666387	1296	1194
410	667649	1162	1193
411	668912	1163	1190
412	670371	1359	1230
413	671743	1271	1250
414	673003	1160	1223
415	674262	1158	1222
416	675526	1164	1222
417	676799	1173	1185
418	678084	1185	1168
419	679428	1244	1184
420	680709	1181	1189
421	681979	1170	1190
422	683266	1187	1193
423	684543	1177	1191
424	685805	1162	1175
425	687707	1801	1299
426	689531	1723	1410
427	691341	1710	1514
428	693175	1734	1626
429	694974	1699	1733
430	696740	1666	1706
431	698536	1696	1701
432	700383	1747	1708
433	702185	1702	1702
434	704065	1779	1718
435	705859	1694	1723
436	707647	1688	1722
437	709483	1736	1719
438	711312	1729	1725
439	713091	1678	1705
440	714858	1667	1699
441	716637	1679	1697
442	718422	1685	1687
443	720212	1690	1679
444	722010	1698	1683
445	723829	1719	1694
446	725724	1794	1717
447	727500	1676	1715
448	729284	1684	1714
449	731075	1691	1712
450	733133	1958	1760
451	735088	1855	1772
452	736875	1687	1775
453	738775	1800	1798
454	740582	1707	1801
455	742373	1691	1748
456	744170	1697	1716
457	745942	1672	1713
458	747731	1689	1691
459	749521	1690	1687
460	751493	1871	1723
461	753487	1893	1763
462	755394	1807	1790
463	757222	1728	1797
464	759020	1697	1799
465	760810	1690	1763
466	762623	1713	1727
467	764422	1699	1705
468	766223	1701	1700
469	768025	1702	1701
470	769833	1708	1704
471	771627	1694	1700
472	773470	1743	1709
473	775529	1959	1761
474	777429	1800	1780
475	779233	1703	1779
476	781117	1784	1797
477	782958	1741	1797
478	784997	1939	1793
479	788425	3328	2099
480	791746	3221	2402
481	795080	3234	2692
482	798435	3255	2995
483	801785	3250	3257
484	805124	3239	3239
485	808474	3250	3245
486	811840	3265	3251
487	815212	3272	3255
488	818578	3266	3258
489	821949	3271	3264
490	825313	3264	3267
491	828684	3271	3268
492	832050	3265	3267
493	835415	3265	3267
494	838784	3269	3266
495	842142	3258	3265
496	845507	3265	3264
497	848885	3278	3267
498	852249	3264	3266
499	855582	3233	3259
500	858925	3243	3256
501	862271	3246	3252
502	865630	3258	3248
503	868992	3262	3248
504	872335	3243	3250
505	875685	3250	3251
506	879024	3239	3250
507	882364	3239	3246
508	885718	3254	3245
509	889076	3258	3248
510	892454	3278	3253
511	895828	3274	3260
512	899196	3268	3266
513	902558	3261	3267
514	905911	3253	3266
515	909243	3232	3257
516	912579	3236	3250
517	915911	3232	3242
518	919248	3236	3237
519	922585	3237	3234
520	925928	3243	3236
521	929297	3269	3243
522	932663	3266	3250
523	936041	3277	3258
524	939392	3251	3261
